{"D:\\Sang_Tao_AI\\PeerReview-AI\\backend\\src\\services\\summary.service.js": {"path":"D:\\Sang_Tao_AI\\PeerReview-AI\\backend\\src\\services\\summary.service.js","statementMap":{"0":{"start":{"line":5,"column":19},"end":{"line":11,"column":1}},"1":{"start":{"line":6,"column":22},"end":{"line":6,"column":32}},"2":{"start":{"line":7,"column":4},"end":{"line":9,"column":5}},"3":{"start":{"line":8,"column":8},"end":{"line":8,"column":56}},"4":{"start":{"line":10,"column":4},"end":{"line":10,"column":21}},"5":{"start":{"line":16,"column":28},"end":{"line":40,"column":1}},"6":{"start":{"line":17,"column":30},"end":{"line":17,"column":71}},"7":{"start":{"line":18,"column":19},"end":{"line":24,"column":27}},"8":{"start":{"line":26,"column":4},"end":{"line":28,"column":5}},"9":{"start":{"line":27,"column":8},"end":{"line":27,"column":56}},"10":{"start":{"line":30,"column":16},"end":{"line":30,"column":30}},"11":{"start":{"line":31,"column":4},"end":{"line":33,"column":5}},"12":{"start":{"line":32,"column":8},"end":{"line":32,"column":19}},"13":{"start":{"line":35,"column":4},"end":{"line":37,"column":5}},"14":{"start":{"line":36,"column":8},"end":{"line":36,"column":88}},"15":{"start":{"line":39,"column":4},"end":{"line":39,"column":15}},"16":{"start":{"line":42,"column":32},"end":{"line":70,"column":1}},"17":{"start":{"line":43,"column":4},"end":{"line":43,"column":57}},"18":{"start":{"line":45,"column":19},"end":{"line":45,"column":37}},"19":{"start":{"line":47,"column":19},"end":{"line":55,"column":37}},"20":{"start":{"line":57,"column":21},"end":{"line":62,"column":22}},"21":{"start":{"line":64,"column":4},"end":{"line":69,"column":6}},"22":{"start":{"line":72,"column":32},"end":{"line":113,"column":1}},"23":{"start":{"line":73,"column":4},"end":{"line":73,"column":57}},"24":{"start":{"line":75,"column":23},"end":{"line":79,"column":22}},"25":{"start":{"line":81,"column":4},"end":{"line":83,"column":5}},"26":{"start":{"line":82,"column":8},"end":{"line":82,"column":61}},"27":{"start":{"line":85,"column":20},"end":{"line":85,"column":38}},"28":{"start":{"line":87,"column":21},"end":{"line":93,"column":20}},"29":{"start":{"line":95,"column":21},"end":{"line":100,"column":22}},"30":{"start":{"line":102,"column":4},"end":{"line":112,"column":6}},"31":{"start":{"line":115,"column":33},"end":{"line":199,"column":1}},"32":{"start":{"line":116,"column":24},"end":{"line":116,"column":53}},"33":{"start":{"line":118,"column":20},"end":{"line":126,"column":21}},"34":{"start":{"line":128,"column":4},"end":{"line":130,"column":5}},"35":{"start":{"line":129,"column":8},"end":{"line":129,"column":58}},"36":{"start":{"line":132,"column":17},"end":{"line":132,"column":32}},"37":{"start":{"line":133,"column":4},"end":{"line":135,"column":5}},"38":{"start":{"line":134,"column":8},"end":{"line":134,"column":85}},"39":{"start":{"line":137,"column":4},"end":{"line":139,"column":5}},"40":{"start":{"line":138,"column":8},"end":{"line":138,"column":67}},"41":{"start":{"line":141,"column":19},"end":{"line":141,"column":39}},"42":{"start":{"line":142,"column":4},"end":{"line":198,"column":5}},"43":{"start":{"line":143,"column":8},"end":{"line":143,"column":36}},"44":{"start":{"line":147,"column":45},"end":{"line":147,"column":52}},"45":{"start":{"line":149,"column":30},"end":{"line":157,"column":51}},"46":{"start":{"line":159,"column":8},"end":{"line":161,"column":9}},"47":{"start":{"line":160,"column":12},"end":{"line":160,"column":128}},"48":{"start":{"line":164,"column":8},"end":{"line":173,"column":9}},"49":{"start":{"line":165,"column":36},"end":{"line":169,"column":101}},"50":{"start":{"line":170,"column":12},"end":{"line":172,"column":13}},"51":{"start":{"line":171,"column":16},"end":{"line":171,"column":116}},"52":{"start":{"line":176,"column":8},"end":{"line":185,"column":11}},"53":{"start":{"line":187,"column":8},"end":{"line":187,"column":37}},"54":{"start":{"line":189,"column":8},"end":{"line":192,"column":10}},"55":{"start":{"line":194,"column":8},"end":{"line":194,"column":39}},"56":{"start":{"line":195,"column":8},"end":{"line":195,"column":20}},"57":{"start":{"line":197,"column":8},"end":{"line":197,"column":25}},"58":{"start":{"line":201,"column":36},"end":{"line":273,"column":1}},"59":{"start":{"line":202,"column":4},"end":{"line":202,"column":57}},"60":{"start":{"line":204,"column":19},"end":{"line":204,"column":39}},"61":{"start":{"line":205,"column":4},"end":{"line":272,"column":5}},"62":{"start":{"line":206,"column":8},"end":{"line":206,"column":68}},"63":{"start":{"line":209,"column":27},"end":{"line":213,"column":26}},"64":{"start":{"line":215,"column":8},"end":{"line":217,"column":9}},"65":{"start":{"line":216,"column":12},"end":{"line":216,"column":65}},"66":{"start":{"line":219,"column":24},"end":{"line":219,"column":42}},"67":{"start":{"line":221,"column":8},"end":{"line":223,"column":9}},"68":{"start":{"line":222,"column":12},"end":{"line":222,"column":67}},"69":{"start":{"line":226,"column":25},"end":{"line":228,"column":24}},"70":{"start":{"line":230,"column":8},"end":{"line":232,"column":9}},"71":{"start":{"line":231,"column":12},"end":{"line":231,"column":68}},"72":{"start":{"line":234,"column":26},"end":{"line":239,"column":69}},"73":{"start":{"line":241,"column":8},"end":{"line":243,"column":9}},"74":{"start":{"line":242,"column":12},"end":{"line":242,"column":91}},"75":{"start":{"line":246,"column":8},"end":{"line":255,"column":11}},"76":{"start":{"line":257,"column":8},"end":{"line":257,"column":37}},"77":{"start":{"line":259,"column":8},"end":{"line":263,"column":10}},"78":{"start":{"line":265,"column":8},"end":{"line":265,"column":39}},"79":{"start":{"line":266,"column":8},"end":{"line":268,"column":9}},"80":{"start":{"line":267,"column":12},"end":{"line":267,"column":116}},"81":{"start":{"line":269,"column":8},"end":{"line":269,"column":20}},"82":{"start":{"line":271,"column":8},"end":{"line":271,"column":25}}},"fnMap":{"0":{"name":"(anonymous_0)","decl":{"start":{"line":5,"column":19},"end":{"line":5,"column":20}},"loc":{"start":{"line":5,"column":45},"end":{"line":11,"column":1}},"line":5},"1":{"name":"(anonymous_1)","decl":{"start":{"line":16,"column":28},"end":{"line":16,"column":29}},"loc":{"start":{"line":16,"column":65},"end":{"line":40,"column":1}},"line":16},"2":{"name":"(anonymous_2)","decl":{"start":{"line":42,"column":32},"end":{"line":42,"column":33}},"loc":{"start":{"line":42,"column":82},"end":{"line":70,"column":1}},"line":42},"3":{"name":"(anonymous_3)","decl":{"start":{"line":72,"column":32},"end":{"line":72,"column":33}},"loc":{"start":{"line":72,"column":69},"end":{"line":113,"column":1}},"line":72},"4":{"name":"(anonymous_4)","decl":{"start":{"line":115,"column":33},"end":{"line":115,"column":34}},"loc":{"start":{"line":115,"column":73},"end":{"line":199,"column":1}},"line":115},"5":{"name":"(anonymous_5)","decl":{"start":{"line":201,"column":36},"end":{"line":201,"column":37}},"loc":{"start":{"line":201,"column":73},"end":{"line":273,"column":1}},"line":201}},"branchMap":{"0":{"loc":{"start":{"line":5,"column":24},"end":{"line":5,"column":40}},"type":"default-arg","locations":[{"start":{"line":5,"column":36},"end":{"line":5,"column":40}}],"line":5},"1":{"loc":{"start":{"line":7,"column":4},"end":{"line":9,"column":5}},"type":"if","locations":[{"start":{"line":7,"column":4},"end":{"line":9,"column":5}},{"start":{},"end":{}}],"line":7},"2":{"loc":{"start":{"line":7,"column":8},"end":{"line":7,"column":54}},"type":"binary-expr","locations":[{"start":{"line":7,"column":8},"end":{"line":7,"column":36}},{"start":{"line":7,"column":40},"end":{"line":7,"column":54}}],"line":7},"3":{"loc":{"start":{"line":26,"column":4},"end":{"line":28,"column":5}},"type":"if","locations":[{"start":{"line":26,"column":4},"end":{"line":28,"column":5}},{"start":{},"end":{}}],"line":26},"4":{"loc":{"start":{"line":31,"column":4},"end":{"line":33,"column":5}},"type":"if","locations":[{"start":{"line":31,"column":4},"end":{"line":33,"column":5}},{"start":{},"end":{}}],"line":31},"5":{"loc":{"start":{"line":35,"column":4},"end":{"line":37,"column":5}},"type":"if","locations":[{"start":{"line":35,"column":4},"end":{"line":37,"column":5}},{"start":{},"end":{}}],"line":35},"6":{"loc":{"start":{"line":35,"column":8},"end":{"line":35,"column":79}},"type":"binary-expr","locations":[{"start":{"line":35,"column":8},"end":{"line":35,"column":38}},{"start":{"line":35,"column":42},"end":{"line":35,"column":79}}],"line":35},"7":{"loc":{"start":{"line":81,"column":4},"end":{"line":83,"column":5}},"type":"if","locations":[{"start":{"line":81,"column":4},"end":{"line":83,"column":5}},{"start":{},"end":{}}],"line":81},"8":{"loc":{"start":{"line":128,"column":4},"end":{"line":130,"column":5}},"type":"if","locations":[{"start":{"line":128,"column":4},"end":{"line":130,"column":5}},{"start":{},"end":{}}],"line":128},"9":{"loc":{"start":{"line":133,"column":4},"end":{"line":135,"column":5}},"type":"if","locations":[{"start":{"line":133,"column":4},"end":{"line":135,"column":5}},{"start":{},"end":{}}],"line":133},"10":{"loc":{"start":{"line":133,"column":8},"end":{"line":133,"column":80}},"type":"binary-expr","locations":[{"start":{"line":133,"column":8},"end":{"line":133,"column":38}},{"start":{"line":133,"column":42},"end":{"line":133,"column":80}}],"line":133},"11":{"loc":{"start":{"line":137,"column":4},"end":{"line":139,"column":5}},"type":"if","locations":[{"start":{"line":137,"column":4},"end":{"line":139,"column":5}},{"start":{},"end":{}}],"line":137},"12":{"loc":{"start":{"line":159,"column":8},"end":{"line":161,"column":9}},"type":"if","locations":[{"start":{"line":159,"column":8},"end":{"line":161,"column":9}},{"start":{},"end":{}}],"line":159},"13":{"loc":{"start":{"line":164,"column":8},"end":{"line":173,"column":9}},"type":"if","locations":[{"start":{"line":164,"column":8},"end":{"line":173,"column":9}},{"start":{},"end":{}}],"line":164},"14":{"loc":{"start":{"line":170,"column":12},"end":{"line":172,"column":13}},"type":"if","locations":[{"start":{"line":170,"column":12},"end":{"line":172,"column":13}},{"start":{},"end":{}}],"line":170},"15":{"loc":{"start":{"line":215,"column":8},"end":{"line":217,"column":9}},"type":"if","locations":[{"start":{"line":215,"column":8},"end":{"line":217,"column":9}},{"start":{},"end":{}}],"line":215},"16":{"loc":{"start":{"line":221,"column":8},"end":{"line":223,"column":9}},"type":"if","locations":[{"start":{"line":221,"column":8},"end":{"line":223,"column":9}},{"start":{},"end":{}}],"line":221},"17":{"loc":{"start":{"line":230,"column":8},"end":{"line":232,"column":9}},"type":"if","locations":[{"start":{"line":230,"column":8},"end":{"line":232,"column":9}},{"start":{},"end":{}}],"line":230},"18":{"loc":{"start":{"line":241,"column":8},"end":{"line":243,"column":9}},"type":"if","locations":[{"start":{"line":241,"column":8},"end":{"line":243,"column":9}},{"start":{},"end":{}}],"line":241},"19":{"loc":{"start":{"line":266,"column":8},"end":{"line":268,"column":9}},"type":"if","locations":[{"start":{"line":266,"column":8},"end":{"line":268,"column":9}},{"start":{},"end":{}}],"line":266}},"s":{"0":1,"1":5,"2":5,"3":0,"4":5,"5":1,"6":2,"7":2,"8":2,"9":0,"10":2,"11":2,"12":0,"13":2,"14":0,"15":2,"16":1,"17":0,"18":0,"19":0,"20":0,"21":0,"22":1,"23":0,"24":0,"25":0,"26":0,"27":0,"28":0,"29":0,"30":0,"31":1,"32":3,"33":3,"34":3,"35":1,"36":2,"37":2,"38":0,"39":2,"40":0,"41":2,"42":2,"43":2,"44":2,"45":2,"46":2,"47":1,"48":1,"49":1,"50":1,"51":0,"52":1,"53":1,"54":1,"55":1,"56":1,"57":2,"58":1,"59":2,"60":2,"61":2,"62":2,"63":2,"64":1,"65":0,"66":1,"67":1,"68":0,"69":1,"70":1,"71":1,"72":0,"73":0,"74":0,"75":0,"76":0,"77":0,"78":2,"79":2,"80":1,"81":1,"82":2},"f":{"0":5,"1":2,"2":0,"3":0,"4":3,"5":2},"b":{"0":[0],"1":[0,5],"2":[5,5],"3":[0,2],"4":[0,2],"5":[0,2],"6":[2,2],"7":[0,0],"8":[1,2],"9":[0,2],"10":[2,2],"11":[0,2],"12":[1,1],"13":[1,0],"14":[0,1],"15":[0,1],"16":[0,1],"17":[1,0],"18":[0,0],"19":[1,1]},"_coverageSchema":"1a1c01bbd47fc00a2c39e90264f33305004495a9","hash":"19b5a22667fe860e39004285462c7e21f4045adc"}
,"D:\\Sang_Tao_AI\\PeerReview-AI\\backend\\src\\utils\\AppError.js": {"path":"D:\\Sang_Tao_AI\\PeerReview-AI\\backend\\src\\utils\\AppError.js","statementMap":{"0":{"start":{"line":3,"column":8},"end":{"line":3,"column":23}},"1":{"start":{"line":4,"column":8},"end":{"line":4,"column":29}},"2":{"start":{"line":5,"column":8},"end":{"line":5,"column":31}},"3":{"start":{"line":6,"column":8},"end":{"line":6,"column":34}},"4":{"start":{"line":7,"column":8},"end":{"line":7,"column":56}}},"fnMap":{"0":{"name":"(anonymous_0)","decl":{"start":{"line":2,"column":4},"end":{"line":2,"column":5}},"loc":{"start":{"line":2,"column":49},"end":{"line":8,"column":5}},"line":2}},"branchMap":{"0":{"loc":{"start":{"line":2,"column":33},"end":{"line":2,"column":47}},"type":"default-arg","locations":[{"start":{"line":2,"column":43},"end":{"line":2,"column":47}}],"line":2}},"s":{"0":4,"1":4,"2":4,"3":4,"4":4},"f":{"0":4},"b":{"0":[4]},"_coverageSchema":"1a1c01bbd47fc00a2c39e90264f33305004495a9","hash":"e83fece47e9f137681a03a8ca0642b23679ea721"}
,"D:\\Sang_Tao_AI\\PeerReview-AI\\backend\\src\\utils\\constants.js": {"path":"D:\\Sang_Tao_AI\\PeerReview-AI\\backend\\src\\utils\\constants.js","statementMap":{"0":{"start":{"line":1,"column":30},"end":{"line":18,"column":1}},"1":{"start":{"line":20,"column":26},"end":{"line":24,"column":1}},"2":{"start":{"line":26,"column":36},"end":{"line":37,"column":1}},"3":{"start":{"line":39,"column":33},"end":{"line":45,"column":1}},"4":{"start":{"line":47,"column":39},"end":{"line":52,"column":1}},"5":{"start":{"line":54,"column":30},"end":{"line":58,"column":1}}},"fnMap":{},"branchMap":{},"s":{"0":1,"1":1,"2":1,"3":1,"4":1,"5":1},"f":{},"b":{},"_coverageSchema":"1a1c01bbd47fc00a2c39e90264f33305004495a9","hash":"b9f4294a86e089b697aecfe39c5d3d628acc2107"}
}
