{"D:\\Sang_Tao_AI\\PeerReview-AI\\backend\\src\\services\\review-assignment.service.js": {"path":"D:\\Sang_Tao_AI\\PeerReview-AI\\backend\\src\\services\\review-assignment.service.js","statementMap":{"0":{"start":{"line":4,"column":19},"end":{"line":10,"column":1}},"1":{"start":{"line":5,"column":22},"end":{"line":5,"column":32}},"2":{"start":{"line":6,"column":4},"end":{"line":8,"column":5}},"3":{"start":{"line":7,"column":8},"end":{"line":7,"column":56}},"4":{"start":{"line":9,"column":4},"end":{"line":9,"column":21}},"5":{"start":{"line":13,"column":26},"end":{"line":13,"column":27}},"6":{"start":{"line":19,"column":4},"end":{"line":22,"column":5}},"7":{"start":{"line":19,"column":17},"end":{"line":19,"column":33}},"8":{"start":{"line":20,"column":18},"end":{"line":20,"column":53}},"9":{"start":{"line":21,"column":8},"end":{"line":21,"column":52}},"10":{"start":{"line":25,"column":41},"end":{"line":164,"column":1}},"11":{"start":{"line":26,"column":30},"end":{"line":26,"column":71}},"12":{"start":{"line":27,"column":24},"end":{"line":27,"column":53}},"13":{"start":{"line":30,"column":22},"end":{"line":35,"column":5}},"14":{"start":{"line":36,"column":23},"end":{"line":36,"column":84}},"15":{"start":{"line":38,"column":4},"end":{"line":44,"column":5}},"16":{"start":{"line":39,"column":28},"end":{"line":39,"column":109}},"17":{"start":{"line":40,"column":8},"end":{"line":43,"column":10}},"18":{"start":{"line":47,"column":26},"end":{"line":52,"column":27}},"19":{"start":{"line":54,"column":4},"end":{"line":56,"column":5}},"20":{"start":{"line":55,"column":8},"end":{"line":55,"column":65}},"21":{"start":{"line":59,"column":29},"end":{"line":67,"column":5}},"22":{"start":{"line":68,"column":30},"end":{"line":68,"column":85}},"23":{"start":{"line":70,"column":4},"end":{"line":76,"column":5}},"24":{"start":{"line":71,"column":8},"end":{"line":75,"column":10}},"25":{"start":{"line":78,"column":27},"end":{"line":81,"column":7}},"26":{"start":{"line":78,"column":62},"end":{"line":81,"column":5}},"27":{"start":{"line":84,"column":4},"end":{"line":86,"column":5}},"28":{"start":{"line":85,"column":8},"end":{"line":85,"column":93}},"29":{"start":{"line":88,"column":4},"end":{"line":90,"column":5}},"30":{"start":{"line":89,"column":8},"end":{"line":89,"column":129}},"31":{"start":{"line":93,"column":4},"end":{"line":93,"column":33}},"32":{"start":{"line":96,"column":32},"end":{"line":96,"column":34}},"33":{"start":{"line":97,"column":14},"end":{"line":97,"column":35}},"34":{"start":{"line":101,"column":4},"end":{"line":112,"column":5}},"35":{"start":{"line":101,"column":21},"end":{"line":101,"column":22}},"36":{"start":{"line":102,"column":8},"end":{"line":111,"column":9}},"37":{"start":{"line":102,"column":21},"end":{"line":102,"column":22}},"38":{"start":{"line":103,"column":34},"end":{"line":103,"column":59}},"39":{"start":{"line":104,"column":32},"end":{"line":104,"column":47}},"40":{"start":{"line":105,"column":37},"end":{"line":105,"column":77}},"41":{"start":{"line":107,"column":12},"end":{"line":110,"column":15}},"42":{"start":{"line":115,"column":19},"end":{"line":115,"column":39}},"43":{"start":{"line":116,"column":4},"end":{"line":163,"column":5}},"44":{"start":{"line":117,"column":8},"end":{"line":117,"column":36}},"45":{"start":{"line":120,"column":31},"end":{"line":125,"column":9}},"46":{"start":{"line":126,"column":8},"end":{"line":126,"column":64}},"47":{"start":{"line":129,"column":8},"end":{"line":145,"column":9}},"48":{"start":{"line":131,"column":27},"end":{"line":131,"column":29}},"49":{"start":{"line":132,"column":32},"end":{"line":132,"column":34}},"50":{"start":{"line":133,"column":35},"end":{"line":133,"column":36}},"51":{"start":{"line":135,"column":12},"end":{"line":138,"column":15}},"52":{"start":{"line":136,"column":16},"end":{"line":136,"column":80}},"53":{"start":{"line":137,"column":16},"end":{"line":137,"column":89}},"54":{"start":{"line":140,"column":32},"end":{"line":143,"column":13}},"55":{"start":{"line":144,"column":12},"end":{"line":144,"column":57}},"56":{"start":{"line":147,"column":8},"end":{"line":147,"column":37}},"57":{"start":{"line":148,"column":8},"end":{"line":148,"column":109}},"58":{"start":{"line":151,"column":8},"end":{"line":155,"column":10}},"59":{"start":{"line":157,"column":8},"end":{"line":157,"column":39}},"60":{"start":{"line":158,"column":8},"end":{"line":158,"column":84}},"61":{"start":{"line":159,"column":8},"end":{"line":159,"column":47}},"62":{"start":{"line":159,"column":37},"end":{"line":159,"column":47}},"63":{"start":{"line":160,"column":8},"end":{"line":160,"column":115}},"64":{"start":{"line":162,"column":8},"end":{"line":162,"column":25}}},"fnMap":{"0":{"name":"(anonymous_0)","decl":{"start":{"line":4,"column":19},"end":{"line":4,"column":20}},"loc":{"start":{"line":4,"column":45},"end":{"line":10,"column":1}},"line":4},"1":{"name":"shuffleArray","decl":{"start":{"line":18,"column":9},"end":{"line":18,"column":21}},"loc":{"start":{"line":18,"column":29},"end":{"line":23,"column":1}},"line":18},"2":{"name":"(anonymous_2)","decl":{"start":{"line":25,"column":41},"end":{"line":25,"column":42}},"loc":{"start":{"line":25,"column":110},"end":{"line":164,"column":1}},"line":25},"3":{"name":"(anonymous_3)","decl":{"start":{"line":78,"column":54},"end":{"line":78,"column":55}},"loc":{"start":{"line":78,"column":62},"end":{"line":81,"column":5}},"line":78},"4":{"name":"(anonymous_4)","decl":{"start":{"line":135,"column":40},"end":{"line":135,"column":41}},"loc":{"start":{"line":135,"column":54},"end":{"line":138,"column":13}},"line":135}},"branchMap":{"0":{"loc":{"start":{"line":4,"column":24},"end":{"line":4,"column":40}},"type":"default-arg","locations":[{"start":{"line":4,"column":36},"end":{"line":4,"column":40}}],"line":4},"1":{"loc":{"start":{"line":6,"column":4},"end":{"line":8,"column":5}},"type":"if","locations":[{"start":{"line":6,"column":4},"end":{"line":8,"column":5}},{"start":{},"end":{}}],"line":6},"2":{"loc":{"start":{"line":6,"column":8},"end":{"line":6,"column":54}},"type":"binary-expr","locations":[{"start":{"line":6,"column":8},"end":{"line":6,"column":36}},{"start":{"line":6,"column":40},"end":{"line":6,"column":54}}],"line":6},"3":{"loc":{"start":{"line":25,"column":70},"end":{"line":25,"column":105}},"type":"default-arg","locations":[{"start":{"line":25,"column":88},"end":{"line":25,"column":105}}],"line":25},"4":{"loc":{"start":{"line":38,"column":4},"end":{"line":44,"column":5}},"type":"if","locations":[{"start":{"line":38,"column":4},"end":{"line":44,"column":5}},{"start":{},"end":{}}],"line":38},"5":{"loc":{"start":{"line":41,"column":12},"end":{"line":41,"column":143}},"type":"cond-expr","locations":[{"start":{"line":41,"column":42},"end":{"line":41,"column":118}},{"start":{"line":41,"column":121},"end":{"line":41,"column":143}}],"line":41},"6":{"loc":{"start":{"line":42,"column":12},"end":{"line":42,"column":51}},"type":"cond-expr","locations":[{"start":{"line":42,"column":42},"end":{"line":42,"column":45}},{"start":{"line":42,"column":48},"end":{"line":42,"column":51}}],"line":42},"7":{"loc":{"start":{"line":54,"column":4},"end":{"line":56,"column":5}},"type":"if","locations":[{"start":{"line":54,"column":4},"end":{"line":56,"column":5}},{"start":{},"end":{}}],"line":54},"8":{"loc":{"start":{"line":70,"column":4},"end":{"line":76,"column":5}},"type":"if","locations":[{"start":{"line":70,"column":4},"end":{"line":76,"column":5}},{"start":{},"end":{}}],"line":70},"9":{"loc":{"start":{"line":84,"column":4},"end":{"line":86,"column":5}},"type":"if","locations":[{"start":{"line":84,"column":4},"end":{"line":86,"column":5}},{"start":{},"end":{}}],"line":84},"10":{"loc":{"start":{"line":88,"column":4},"end":{"line":90,"column":5}},"type":"if","locations":[{"start":{"line":88,"column":4},"end":{"line":90,"column":5}},{"start":{},"end":{}}],"line":88},"11":{"loc":{"start":{"line":129,"column":8},"end":{"line":145,"column":9}},"type":"if","locations":[{"start":{"line":129,"column":8},"end":{"line":145,"column":9}},{"start":{},"end":{}}],"line":129},"12":{"loc":{"start":{"line":159,"column":8},"end":{"line":159,"column":47}},"type":"if","locations":[{"start":{"line":159,"column":8},"end":{"line":159,"column":47}},{"start":{},"end":{}}],"line":159},"13":{"loc":{"start":{"line":160,"column":27},"end":{"line":160,"column":81}},"type":"binary-expr","locations":[{"start":{"line":160,"column":27},"end":{"line":160,"column":38}},{"start":{"line":160,"column":42},"end":{"line":160,"column":81}}],"line":160}},"s":{"0":1,"1":9,"2":9,"3":1,"4":8,"5":1,"6":2,"7":2,"8":6,"9":6,"10":1,"11":5,"12":4,"13":4,"14":4,"15":4,"16":0,"17":0,"18":4,"19":4,"20":1,"21":3,"22":3,"23":3,"24":0,"25":3,"26":9,"27":3,"28":1,"29":2,"30":0,"31":2,"32":2,"33":2,"34":2,"35":2,"36":3,"37":3,"38":13,"39":13,"40":13,"41":13,"42":2,"43":2,"44":2,"45":2,"46":2,"47":2,"48":2,"49":2,"50":2,"51":2,"52":13,"53":13,"54":2,"55":2,"56":1,"57":1,"58":1,"59":1,"60":1,"61":1,"62":0,"63":1,"64":2},"f":{"0":9,"1":2,"2":5,"3":9,"4":13},"b":{"0":[0],"1":[1,8],"2":[9,8],"3":[2],"4":[0,4],"5":[0,0],"6":[0,0],"7":[1,3],"8":[0,3],"9":[1,2],"10":[0,2],"11":[2,0],"12":[0,1],"13":[1,0]},"_coverageSchema":"1a1c01bbd47fc00a2c39e90264f33305004495a9","hash":"2121189d3e309a264d095244588da3269b4a39d9"}
,"D:\\Sang_Tao_AI\\PeerReview-AI\\backend\\src\\utils\\AppError.js": {"path":"D:\\Sang_Tao_AI\\PeerReview-AI\\backend\\src\\utils\\AppError.js","statementMap":{"0":{"start":{"line":3,"column":8},"end":{"line":3,"column":23}},"1":{"start":{"line":4,"column":8},"end":{"line":4,"column":29}},"2":{"start":{"line":5,"column":8},"end":{"line":5,"column":31}},"3":{"start":{"line":6,"column":8},"end":{"line":6,"column":34}},"4":{"start":{"line":7,"column":8},"end":{"line":7,"column":56}}},"fnMap":{"0":{"name":"(anonymous_0)","decl":{"start":{"line":2,"column":4},"end":{"line":2,"column":5}},"loc":{"start":{"line":2,"column":49},"end":{"line":8,"column":5}},"line":2}},"branchMap":{"0":{"loc":{"start":{"line":2,"column":33},"end":{"line":2,"column":47}},"type":"default-arg","locations":[{"start":{"line":2,"column":43},"end":{"line":2,"column":47}}],"line":2}},"s":{"0":4,"1":4,"2":4,"3":4,"4":4},"f":{"0":4},"b":{"0":[3]},"_coverageSchema":"1a1c01bbd47fc00a2c39e90264f33305004495a9","hash":"e83fece47e9f137681a03a8ca0642b23679ea721"}
}
