TN:
SF:src\services\summary.service.js
FN:5,(anonymous_0)
FN:16,(anonymous_1)
FN:42,(anonymous_2)
FN:72,(anonymous_3)
FN:115,(anonymous_4)
FN:201,(anonymous_5)
FNF:6
FNH:4
FNDA:5,(anonymous_0)
FNDA:2,(anonymous_1)
FNDA:0,(anonymous_2)
FNDA:0,(anonymous_3)
FNDA:3,(anonymous_4)
FNDA:2,(anonymous_5)
DA:5,1
DA:6,5
DA:7,5
DA:8,0
DA:10,5
DA:16,1
DA:17,2
DA:18,2
DA:26,2
DA:27,0
DA:30,2
DA:31,2
DA:32,0
DA:35,2
DA:36,0
DA:39,2
DA:42,1
DA:43,0
DA:45,0
DA:47,0
DA:57,0
DA:64,0
DA:72,1
DA:73,0
DA:75,0
DA:81,0
DA:82,0
DA:85,0
DA:87,0
DA:95,0
DA:102,0
DA:115,1
DA:116,3
DA:118,3
DA:128,3
DA:129,1
DA:132,2
DA:133,2
DA:134,0
DA:137,2
DA:138,0
DA:141,2
DA:142,2
DA:143,2
DA:147,2
DA:149,2
DA:159,2
DA:160,1
DA:164,1
DA:165,1
DA:170,1
DA:171,0
DA:176,1
DA:187,1
DA:189,1
DA:194,1
DA:195,1
DA:197,2
DA:201,1
DA:202,2
DA:204,2
DA:205,2
DA:206,2
DA:209,2
DA:215,1
DA:216,0
DA:219,1
DA:221,1
DA:222,0
DA:226,1
DA:230,1
DA:231,1
DA:234,0
DA:241,0
DA:242,0
DA:246,0
DA:257,0
DA:259,0
DA:265,2
DA:266,2
DA:267,1
DA:269,1
DA:271,2
LF:83
LH:55
BRDA:5,0,0,0
BRDA:7,1,0,0
BRDA:7,1,1,5
BRDA:7,2,0,5
BRDA:7,2,1,5
BRDA:26,3,0,0
BRDA:26,3,1,2
BRDA:31,4,0,0
BRDA:31,4,1,2
BRDA:35,5,0,0
BRDA:35,5,1,2
BRDA:35,6,0,2
BRDA:35,6,1,2
BRDA:81,7,0,0
BRDA:81,7,1,0
BRDA:128,8,0,1
BRDA:128,8,1,2
BRDA:133,9,0,0
BRDA:133,9,1,2
BRDA:133,10,0,2
BRDA:133,10,1,2
BRDA:137,11,0,0
BRDA:137,11,1,2
BRDA:159,12,0,1
BRDA:159,12,1,1
BRDA:164,13,0,1
BRDA:164,13,1,0
BRDA:170,14,0,0
BRDA:170,14,1,1
BRDA:215,15,0,0
BRDA:215,15,1,1
BRDA:221,16,0,0
BRDA:221,16,1,1
BRDA:230,17,0,1
BRDA:230,17,1,0
BRDA:241,18,0,0
BRDA:241,18,1,0
BRDA:266,19,0,1
BRDA:266,19,1,1
BRF:39
BRH:23
end_of_record
TN:
SF:src\utils\AppError.js
FN:2,(anonymous_0)
FNF:1
FNH:1
FNDA:4,(anonymous_0)
DA:3,4
DA:4,4
DA:5,4
DA:6,4
DA:7,4
LF:5
LH:5
BRDA:2,0,0,4
BRF:1
BRH:1
end_of_record
TN:
SF:src\utils\constants.js
FNF:0
FNH:0
DA:1,1
DA:20,1
DA:26,1
DA:39,1
DA:47,1
DA:54,1
LF:6
LH:6
BRF:0
BRH:0
end_of_record
