TN:
SF:src\services\activity.service.js
FN:6,(anonymous_0)
FN:21,(anonymous_1)
FN:48,(anonymous_2)
FN:85,(anonymous_3)
FN:125,(anonymous_4)
FNF:5
FNH:5
FNDA:9,(anonymous_0)
FNDA:2,(anonymous_1)
FNDA:2,(anonymous_2)
FNDA:4,(anonymous_3)
FNDA:3,(anonymous_4)
DA:6,1
DA:7,9
DA:8,9
DA:9,0
DA:11,9
DA:14,1
DA:21,1
DA:22,2
DA:23,0
DA:24,0
DA:25,0
DA:28,0
DA:29,0
DA:30,0
DA:31,0
DA:32,0
DA:37,0
DA:38,0
DA:40,0
DA:42,0
DA:44,0
DA:48,1
DA:49,2
DA:50,2
DA:51,2
DA:52,2
DA:53,2
DA:54,0
DA:57,2
DA:58,2
DA:59,2
DA:62,2
DA:63,2
DA:65,2
DA:70,1
DA:72,1
DA:81,1
DA:85,1
DA:86,4
DA:87,4
DA:88,4
DA:90,4
DA:91,1
DA:94,3
DA:99,3
DA:100,3
DA:102,3
DA:103,3
DA:104,3
DA:106,3
DA:107,1
DA:108,1
DA:111,3
DA:113,3
DA:114,2
DA:115,1
DA:117,1
DA:119,2
DA:120,1
DA:121,1
DA:125,1
DA:126,3
DA:127,3
DA:130,3
DA:131,3
DA:134,3
DA:136,3
DA:144,2
DA:145,0
DA:148,2
DA:149,2
DA:151,2
DA:152,1
DA:153,1
DA:156,2
DA:161,1
DA:162,1
DA:163,1
LF:78
LH:62
BRDA:6,0,0,0
BRDA:8,1,0,0
BRDA:8,1,1,9
BRDA:8,2,0,9
BRDA:8,2,1,9
BRDA:22,3,0,2
BRDA:22,3,1,0
BRDA:22,4,0,2
BRDA:22,4,1,0
BRDA:28,5,0,0
BRDA:28,5,1,0
BRDA:31,6,0,0
BRDA:31,6,1,0
BRDA:38,7,0,0
BRDA:38,7,1,0
BRDA:52,8,0,2
BRDA:52,8,1,0
BRDA:53,9,0,0
BRDA:53,9,1,2
BRDA:57,10,0,2
BRDA:57,10,1,0
BRDA:58,11,0,2
BRDA:58,11,1,0
BRDA:58,12,0,2
BRDA:58,12,1,2
BRDA:63,13,0,1
BRDA:63,13,1,1
BRDA:74,14,0,1
BRDA:74,14,1,0
BRDA:85,15,0,0
BRDA:90,16,0,1
BRDA:90,16,1,3
BRDA:90,17,0,4
BRDA:90,17,1,1
BRDA:102,18,0,3
BRDA:102,18,1,0
BRDA:106,19,0,1
BRDA:106,19,1,2
BRDA:114,20,0,1
BRDA:114,20,1,1
BRDA:114,21,0,2
BRDA:114,21,1,1
BRDA:119,22,0,1
BRDA:119,22,1,1
BRDA:125,23,0,0
BRDA:125,24,0,1
BRDA:130,25,0,3
BRDA:130,25,1,0
BRDA:131,26,0,3
BRDA:131,26,1,3
BRDA:144,27,0,0
BRDA:144,27,1,2
BRDA:144,28,0,2
BRDA:144,28,1,2
BRDA:151,29,0,1
BRDA:151,29,1,1
BRDA:161,30,0,0
BRDA:161,30,1,1
BRF:58
BRH:37
end_of_record
TN:
SF:src\services\workspace.service.js
FN:6,(anonymous_0)
FN:14,(anonymous_1)
FN:28,(anonymous_2)
FN:40,(anonymous_3)
FN:71,(anonymous_4)
FN:84,(anonymous_5)
FN:95,(anonymous_6)
FN:131,(anonymous_7)
FN:208,(anonymous_8)
FN:231,(anonymous_9)
FN:248,(anonymous_10)
FN:259,(anonymous_11)
FN:287,(anonymous_12)
FN:298,(anonymous_13)
FNF:14
FNH:10
FNDA:23,(anonymous_0)
FNDA:15,(anonymous_1)
FNDA:5,(anonymous_2)
FNDA:5,(anonymous_3)
FNDA:0,(anonymous_4)
FNDA:1,(anonymous_5)
FNDA:1,(anonymous_6)
FNDA:5,(anonymous_7)
FNDA:2,(anonymous_8)
FNDA:0,(anonymous_9)
FNDA:0,(anonymous_10)
FNDA:2,(anonymous_11)
FNDA:0,(anonymous_12)
FNDA:2,(anonymous_13)
DA:6,1
DA:7,23
DA:8,23
DA:9,1
DA:11,22
DA:14,1
DA:15,15
DA:16,15
DA:18,0
DA:19,0
DA:20,0
DA:28,1
DA:29,5
DA:30,5
DA:37,5
DA:40,1
DA:41,5
DA:42,5
DA:43,5
DA:44,1
DA:47,4
DA:48,1
DA:51,3
DA:52,2
DA:53,1
DA:57,2
DA:58,1
DA:63,1
DA:64,0
DA:68,2
DA:71,1
DA:72,0
DA:73,0
DA:77,0
DA:84,1
DA:85,1
DA:86,1
DA:92,1
DA:95,1
DA:96,1
DA:97,1
DA:99,1
DA:100,0
DA:103,1
DA:109,1
DA:111,1
DA:118,1
DA:119,0
DA:128,1
DA:131,1
DA:132,5
DA:133,4
DA:134,4
DA:135,4
DA:137,4
DA:138,1
DA:141,3
DA:142,2
DA:143,2
DA:144,2
DA:145,1
DA:147,1
DA:151,3
DA:152,1
DA:153,0
DA:155,1
DA:156,1
DA:159,3
DA:160,0
DA:161,0
DA:164,3
DA:165,0
DA:168,3
DA:170,3
DA:177,3
DA:178,3
DA:179,3
DA:180,1
DA:183,2
DA:184,2
DA:186,2
DA:187,2
DA:188,2
DA:189,2
DA:192,2
DA:193,2
DA:194,2
DA:196,2
DA:205,2
DA:208,1
DA:209,2
DA:210,2
DA:215,2
DA:216,2
DA:217,0
DA:220,2
DA:228,2
DA:231,1
DA:232,0
DA:233,0
DA:235,0
DA:241,0
DA:248,1
DA:249,0
DA:250,0
DA:256,0
DA:259,1
DA:260,2
DA:261,2
DA:262,1
DA:265,1
DA:271,1
DA:272,1
DA:280,1
DA:287,1
DA:288,0
DA:289,0
DA:295,0
DA:298,1
DA:299,2
DA:300,2
DA:301,1
DA:303,1
DA:309,1
DA:310,1
DA:318,1
LF:126
LH:102
BRDA:6,0,0,0
BRDA:8,1,0,1
BRDA:8,1,1,22
BRDA:8,2,0,23
BRDA:8,2,1,22
BRDA:18,3,0,0
BRDA:18,3,1,0
BRDA:37,4,0,5
BRDA:37,4,1,1
BRDA:43,5,0,1
BRDA:43,5,1,4
BRDA:47,6,0,1
BRDA:47,6,1,3
BRDA:51,7,0,2
BRDA:51,7,1,1
BRDA:52,8,0,1
BRDA:52,8,1,1
BRDA:57,9,0,1
BRDA:57,9,1,1
BRDA:63,10,0,0
BRDA:63,10,1,1
BRDA:77,11,0,0
BRDA:77,11,1,0
BRDA:97,12,0,1
BRDA:99,13,0,0
BRDA:99,13,1,1
BRDA:99,14,0,1
BRDA:99,14,1,1
BRDA:99,14,2,1
BRDA:107,15,0,1
BRDA:107,15,1,1
BRDA:118,16,0,0
BRDA:118,16,1,1
BRDA:137,17,0,1
BRDA:137,17,1,3
BRDA:137,18,0,4
BRDA:137,18,1,4
BRDA:141,19,0,2
BRDA:141,19,1,1
BRDA:144,20,0,1
BRDA:144,20,1,1
BRDA:151,21,0,1
BRDA:151,21,1,2
BRDA:152,22,0,0
BRDA:152,22,1,1
BRDA:152,23,0,1
BRDA:152,23,1,1
BRDA:152,23,2,1
BRDA:159,24,0,0
BRDA:159,24,1,3
BRDA:164,25,0,0
BRDA:164,25,1,3
BRDA:179,26,0,1
BRDA:179,26,1,2
BRDA:186,27,0,0
BRDA:186,27,1,2
BRDA:187,28,0,0
BRDA:187,28,1,2
BRDA:188,29,0,2
BRDA:188,29,1,0
BRDA:192,30,0,2
BRDA:192,30,1,0
BRDA:194,31,0,1
BRDA:194,31,1,1
BRDA:216,32,0,0
BRDA:216,32,1,2
BRDA:233,33,0,0
BRDA:233,33,1,0
BRDA:261,34,0,1
BRDA:261,34,1,1
BRDA:261,35,0,2
BRDA:261,35,1,2
BRDA:261,35,2,2
BRDA:300,36,0,1
BRDA:300,36,1,1
BRDA:300,37,0,2
BRDA:300,37,1,1
BRF:77
BRH:59
end_of_record
TN:
SF:src\utils\AppError.js
FN:2,(anonymous_0)
FNF:1
FNH:1
FNDA:9,(anonymous_0)
DA:3,9
DA:4,9
DA:5,9
DA:6,9
DA:7,9
LF:5
LH:5
BRDA:2,0,0,9
BRF:1
BRH:1
end_of_record
TN:
SF:src\utils\constants.js
FNF:0
FNH:0
DA:1,2
DA:20,2
DA:26,2
DA:39,2
DA:47,2
DA:54,2
LF:6
LH:6
BRF:0
BRH:0
end_of_record
